::1 - - [05/Feb/2026:04:58:05 +0000] "GET / HTTP/1.1" 200 226 "-" "Mozilla/5.0 (Windows NT 10.0; Win64; x64) AppleWebKit/537.36 (KHTML, like Gecko) Chrome/144.0.0.0 Safari/537.36"
::1 - - [05/Feb/2026:04:58:05 +0000] "GET /favicon.ico HTTP/1.1" 404 150 "http://localhost:3000/" "Mozilla/5.0 (Windows NT 10.0; Win64; x64) AppleWebKit/537.36 (KHTML, like Gecko) Chrome/144.0.0.0 Safari/537.36"
::1 - - [05/Feb/2026:04:58:26 +0000] "GET / HTTP/1.1" 200 226 "-" "Mozilla/5.0 (Windows NT 10.0; Win64; x64) AppleWebKit/537.36 (KHTML, like Gecko) Chrome/144.0.0.0 Safari/537.36"
::1 - - [05/Feb/2026:04:58:26 +0000] "GET /favicon.ico HTTP/1.1" 404 150 "http://localhost:5000/" "Mozilla/5.0 (Windows NT 10.0; Win64; x64) AppleWebKit/537.36 (KHTML, like Gecko) Chrome/144.0.0.0 Safari/537.36"
::1 - - [05/Feb/2026:05:36:32 +0000] "GET / HTTP/1.1" 200 227 "-" "Mozilla/5.0 (Windows NT 10.0; Win64; x64) AppleWebKit/537.36 (KHTML, like Gecko) Chrome/144.0.0.0 Safari/537.36"
::1 - - [05/Feb/2026:08:25:35 +0000] "GET / HTTP/1.1" 200 227 "-" "Mozilla/5.0 (Windows NT 10.0; Win64; x64) AppleWebKit/537.36 (KHTML, like Gecko) Chrome/144.0.0.0 Safari/537.36"
::1 - - [05/Feb/2026:08:25:55 +0000] "GET / HTTP/1.1" 200 232 "-" "Mozilla/5.0 (Windows NT 10.0; Win64; x64) AppleWebKit/537.36 (KHTML, like Gecko) Chrome/144.0.0.0 Safari/537.36"
::1 - - [05/Feb/2026:08:32:15 +0000] "POST /api/auth/sign-up/email HTTP/1.1" 404 162 "-" "PostmanRuntime/7.51.1"
::1 - - [05/Feb/2026:08:32:38 +0000] "GET / HTTP/1.1" 200 232 "-" "Mozilla/5.0 (Windows NT 10.0; Win64; x64) AppleWebKit/537.36 (KHTML, like Gecko) Chrome/144.0.0.0 Safari/537.36"
::1 - - [05/Feb/2026:08:32:41 +0000] "POST /api/auth/sign-up/email HTTP/1.1" 404 162 "-" "PostmanRuntime/7.51.1"
::1 - - [05/Feb/2026:08:33:50 +0000] "POST /api/auth/sign-up/email HTTP/1.1" 422 - "-" "PostmanRuntime/7.51.1"
::1 - - [05/Feb/2026:08:40:55 +0000] "POST /api/auth/sign-up/email HTTP/1.1" 200 - "-" "PostmanRuntime/7.51.1"
::1 - - [05/Feb/2026:14:03:25 +0000] "POST /api/auth/sign-in/email HTTP/1.1" 200 - "-" "PostmanRuntime/7.51.1"
::1 - - [05/Feb/2026:14:04:13 +0000] "POST /api/v1/provider HTTP/1.1" 201 349 "-" "PostmanRuntime/7.51.1"
::1 - - [05/Feb/2026:14:13:23 +0000] "GET /api/v1/provider HTTP/1.1" 200 351 "-" "PostmanRuntime/7.51.1"
::1 - - [05/Feb/2026:14:14:06 +0000] "GET /api/v1/provider/5ab00a82-f082-4d66-b783-5de7c4349257 HTTP/1.1" 200 349 "-" "PostmanRuntime/7.51.1"
::1 - - [05/Feb/2026:14:29:31 +0000] "PATCH /api/v1/provider/5ab00a82-f082-4d66-b783-5de7c4349257 HTTP/1.1" 201 348 "-" "PostmanRuntime/7.51.1"
::1 - - [05/Feb/2026:14:42:12 +0000] "PATCH /api/v1/provider/5ab00a82-f082-4d66-b783-5de7c4349257 HTTP/1.1" 201 348 "-" "PostmanRuntime/7.51.1"
::1 - - [05/Feb/2026:14:46:32 +0000] "POST /api/auth/sign-up/email HTTP/1.1" 403 - "-" "PostmanRuntime/7.51.1"
::1 - - [05/Feb/2026:14:48:55 +0000] "POST /api/auth/sign-up/email HTTP/1.1" 200 - "-" "PostmanRuntime/7.51.1"
::1 - - [05/Feb/2026:14:49:15 +0000] "POST /api/auth/sign-in/email HTTP/1.1" 403 - "-" "PostmanRuntime/7.51.1"
::1 - - [05/Feb/2026:14:49:42 +0000] "POST /api/auth/sign-in/email HTTP/1.1" 200 - "-" "PostmanRuntime/7.51.1"
::1 - - [05/Feb/2026:14:50:09 +0000] "PATCH /api/v1/provider/5ab00a82-f082-4d66-b783-5de7c4349257 HTTP/1.1" 401 80 "-" "PostmanRuntime/7.51.1"
::1 - - [05/Feb/2026:14:50:39 +0000] "DELETE /api/v1/provider/5ab00a82-f082-4d66-b783-5de7c4349257 HTTP/1.1" 401 82 "-" "PostmanRuntime/7.51.1"
::1 - - [05/Feb/2026:14:50:52 +0000] "POST /api/auth/sign-in/email HTTP/1.1" 403 - "-" "PostmanRuntime/7.51.1"
::1 - - [05/Feb/2026:14:51:06 +0000] "POST /api/auth/sign-in/email HTTP/1.1" 200 - "-" "PostmanRuntime/7.51.1"
::1 - - [05/Feb/2026:14:51:23 +0000] "DELETE /api/v1/provider/5ab00a82-f082-4d66-b783-5de7c4349257 HTTP/1.1" 400 274 "-" "PostmanRuntime/7.51.1"
::1 - - [05/Feb/2026:14:52:53 +0000] "DELETE /api/v1/provider/5ab00a82-f082-4d66-b783-5de7c4349257 HTTP/1.1" 400 274 "-" "PostmanRuntime/7.51.1"
::1 - - [05/Feb/2026:14:55:49 +0000] "POST /api/v1/provider HTTP/1.1" 201 349 "-" "PostmanRuntime/7.51.1"
::1 - - [05/Feb/2026:14:56:16 +0000] "DELETE /api/v1/provider/5ab00a82-f082-4d66-b783-5de7c4349257 HTTP/1.1" 400 274 "-" "PostmanRuntime/7.51.1"
::1 - - [05/Feb/2026:14:56:55 +0000] "DELETE /api/v1/provider/9b408f02-d82e-4c47-b8f9-1e194310dc43 HTTP/1.1" 201 349 "-" "PostmanRuntime/7.51.1"
::1 - - [05/Feb/2026:15:04:31 +0000] "POST /api/auth/sign-in/email HTTP/1.1" 403 - "-" "PostmanRuntime/7.51.1"
::1 - - [05/Feb/2026:15:04:44 +0000] "POST /api/auth/sign-in/email HTTP/1.1" 200 - "-" "PostmanRuntime/7.51.1"
::1 - - [05/Feb/2026:15:04:53 +0000] "POST /api/v1/provider HTTP/1.1" 201 349 "-" "PostmanRuntime/7.51.1"
::1 - - [05/Feb/2026:15:05:14 +0000] "PATCH /api/v1/provider/fb851a41-c4f9-4d8d-99d8-03c3e5d16fd8 HTTP/1.1" 201 347 "-" "PostmanRuntime/7.51.1"
::1 - - [05/Feb/2026:15:05:22 +0000] "POST /api/auth/sign-in/email HTTP/1.1" 403 - "-" "PostmanRuntime/7.51.1"
::1 - - [05/Feb/2026:15:05:33 +0000] "POST /api/auth/sign-in/email HTTP/1.1" 200 - "-" "PostmanRuntime/7.51.1"
::1 - - [05/Feb/2026:15:05:44 +0000] "DELETE /api/v1/provider/fb851a41-c4f9-4d8d-99d8-03c3e5d16fd8 HTTP/1.1" 401 82 "-" "PostmanRuntime/7.51.1"
::1 - - [05/Feb/2026:15:07:26 +0000] "POST /api/v1/provider HTTP/1.1" 201 349 "-" "PostmanRuntime/7.51.1"
::1 - - [05/Feb/2026:15:07:51 +0000] "POST /api/auth/sign-in/email HTTP/1.1" 200 - "-" "PostmanRuntime/7.51.1"
::1 - - [05/Feb/2026:15:08:00 +0000] "DELETE /api/v1/provider/1b9b9f95-faea-4e36-a7be-984ade89d7b3 HTTP/1.1" 401 82 "-" "PostmanRuntime/7.51.1"
::1 - - [05/Feb/2026:15:08:19 +0000] "DELETE /api/v1/provider/1b9b9f95-faea-4e36-a7be-984ade89d7b3 HTTP/1.1" 401 82 "-" "PostmanRuntime/7.51.1"
::1 - - [05/Feb/2026:15:08:34 +0000] "POST /api/auth/sign-in/email HTTP/1.1" 403 - "-" "PostmanRuntime/7.51.1"
::1 - - [05/Feb/2026:15:08:45 +0000] "POST /api/auth/sign-in/email HTTP/1.1" 200 - "-" "PostmanRuntime/7.51.1"
::1 - - [05/Feb/2026:15:08:55 +0000] "DELETE /api/v1/provider/1b9b9f95-faea-4e36-a7be-984ade89d7b3 HTTP/1.1" 200 349 "-" "PostmanRuntime/7.51.1"
::1 - - [05/Feb/2026:15:09:02 +0000] "POST /api/v1/provider HTTP/1.1" 201 349 "-" "PostmanRuntime/7.51.1"
::1 - - [05/Feb/2026:16:38:39 +0000] "POST /api/auth/sign-up/email HTTP/1.1" 403 - "-" "PostmanRuntime/7.51.1"
::1 - - [05/Feb/2026:16:39:13 +0000] "POST /api/auth/sign-up/email HTTP/1.1" 422 - "-" "PostmanRuntime/7.51.1"
::1 - - [05/Feb/2026:16:40:02 +0000] "POST /api/auth/sign-up/email HTTP/1.1" 200 - "-" "PostmanRuntime/7.51.1"
::1 - - [08/Feb/2026:15:44:23 +0000] "GET /api/v1/user HTTP/1.1" 401 39 "-" "PostmanRuntime/7.51.1"
::1 - - [08/Feb/2026:15:44:42 +0000] "POST /api/auth/sign-in/email HTTP/1.1" 200 - "-" "PostmanRuntime/7.51.1"
::1 - - [08/Feb/2026:15:44:48 +0000] "GET /api/v1/user HTTP/1.1" 403 39 "-" "PostmanRuntime/7.51.1"
::1 - - [08/Feb/2026:15:45:43 +0000] "GET /api/v1/user HTTP/1.1" 403 39 "-" "PostmanRuntime/7.51.1"
::1 - - [08/Feb/2026:15:46:02 +0000] "GET /api/v1/user/me HTTP/1.1" 200 643 "-" "PostmanRuntime/7.51.1"
::1 - - [08/Feb/2026:15:49:34 +0000] "POST /api/auth/sign-up/email HTTP/1.1" 403 - "-" "PostmanRuntime/7.51.1"
::1 - - [08/Feb/2026:15:51:29 +0000] "POST /api/auth/sign-up/email HTTP/1.1" 200 - "-" "PostmanRuntime/7.51.1"
::1 - - [08/Feb/2026:15:54:20 +0000] "GET /api/v1/user/0M24iXUiwX3PYf8ql6rBrvNRiq5Q3H8c HTTP/1.1" 403 75 "-" "PostmanRuntime/7.51.1"
::1 - - [08/Feb/2026:15:54:39 +0000] "GET /api/v1/user/mWC3n0FwT9ZXUsgJNjw7YKzSAEZar1RI HTTP/1.1" 200 640 "-" "PostmanRuntime/7.51.1"
::1 - - [08/Feb/2026:15:56:14 +0000] "PATCH /api/v1/user/mWC3n0FwT9ZXUsgJNjw7YKzSAEZar1RI HTTP/1.1" 200 368 "-" "PostmanRuntime/7.51.1"
::1 - - [08/Feb/2026:15:56:32 +0000] "PATCH /api/v1/user/mWC3n0FwT9ZXUsgJNjw7YKzSAEZar1RI HTTP/1.1" 200 368 "-" "PostmanRuntime/7.51.1"
::1 - - [08/Feb/2026:15:56:40 +0000] "PATCH /api/v1/user/0M24iXUiwX3PYf8ql6rBrvNRiq5Q3H8c HTTP/1.1" 403 77 "-" "PostmanRuntime/7.51.1"
::1 - - [08/Feb/2026:15:58:50 +0000] "PATCH /api/v1/user/mWC3n0FwT9ZXUsgJNjw7YKzSAEZar1RI HTTP/1.1" 200 368 "-" "PostmanRuntime/7.51.1"
::1 - - [08/Feb/2026:15:59:52 +0000] "POST /api/auth/sign-in/email HTTP/1.1" 403 - "-" "PostmanRuntime/7.51.1"
::1 - - [08/Feb/2026:16:00:10 +0000] "POST /api/auth/sign-in/email HTTP/1.1" 200 - "-" "PostmanRuntime/7.51.1"
::1 - - [08/Feb/2026:16:00:27 +0000] "PATCH /api/v1/user/mWC3n0FwT9ZXUsgJNjw7YKzSAEZar1RI HTTP/1.1" 200 368 "-" "PostmanRuntime/7.51.1"
::1 - - [08/Feb/2026:16:01:38 +0000] "PATCH /api/v1/user/mWC3n0FwT9ZXUsgJNjw7YKzSAEZar1RI HTTP/1.1" 200 369 "-" "PostmanRuntime/7.51.1"
::1 - - [08/Feb/2026:16:01:47 +0000] "PATCH /api/v1/user/mWC3n0FwT9ZXUsgJNjw7YKzSAEZar1RI HTTP/1.1" 200 368 "-" "PostmanRuntime/7.51.1"
::1 - - [08/Feb/2026:16:02:37 +0000] "POST /api/auth/sign-in/email HTTP/1.1" 401 - "-" "PostmanRuntime/7.51.1"
::1 - - [08/Feb/2026:16:03:56 +0000] "POST /api/auth/sign-in/email HTTP/1.1" 200 - "-" "PostmanRuntime/7.51.1"
::1 - - [08/Feb/2026:16:04:13 +0000] "PATCH /api/v1/user/mWC3n0FwT9ZXUsgJNjw7YKzSAEZar1RI HTTP/1.1" 200 368 "-" "PostmanRuntime/7.51.1"
::1 - - [08/Feb/2026:16:05:19 +0000] "GET /api/v1/user HTTP/1.1" 403 39 "-" "PostmanRuntime/7.51.1"
::1 - - [08/Feb/2026:16:05:37 +0000] "POST /api/auth/sign-in/email HTTP/1.1" 200 - "-" "PostmanRuntime/7.51.1"
::1 - - [08/Feb/2026:16:05:42 +0000] "GET /api/v1/user HTTP/1.1" 200 1542 "-" "PostmanRuntime/7.51.1"
::1 - - [08/Feb/2026:16:07:38 +0000] "PATCH /api/v1/user/mWC3n0FwT9ZXUsgJNjw7YKzSAEZar1RI/status HTTP/1.1" 200 377 "-" "PostmanRuntime/7.51.1"
::1 - - [08/Feb/2026:16:07:49 +0000] "PATCH /api/v1/user/mWC3n0FwT9ZXUsgJNjw7YKzSAEZar1RI/status HTTP/1.1" 200 375 "-" "PostmanRuntime/7.51.1"
::1 - - [08/Feb/2026:16:09:45 +0000] "DELETE /api/v1/user/WJn0R1Z3HFJ9B8DUctMZpRewpOYRoBIj HTTP/1.1" 200 360 "-" "PostmanRuntime/7.51.1"
::1 - - [08/Feb/2026:16:10:20 +0000] "POST /api/auth/sign-up/email HTTP/1.1" 200 - "-" "PostmanRuntime/7.51.1"
::1 - - [08/Feb/2026:16:11:04 +0000] "GET /api/v1/user/mWC3n0FwT9ZXUsgJNjw7YKzSAEZar1RI HTTP/1.1" 200 368 "-" "PostmanRuntime/7.51.1"
::1 - - [09/Feb/2026:06:15:27 +0000] "POST /api/auth/sign-in/email HTTP/1.1" 403 - "-" "PostmanRuntime/7.51.1"
::1 - - [09/Feb/2026:06:18:34 +0000] "POST /api/auth/sign-in/email HTTP/1.1" 200 - "-" "PostmanRuntime/7.51.1"
::1 - - [09/Feb/2026:06:18:59 +0000] "POST /api/v1/provider HTTP/1.1" 201 652 "-" "PostmanRuntime/7.51.1"
::1 - - [09/Feb/2026:07:01:47 +0000] "GET /api/v1/meals HTTP/1.1" 200 65 "-" "PostmanRuntime/7.51.1"
::1 - - [09/Feb/2026:07:02:04 +0000] "GET /api/v1/meals HTTP/1.1" 200 65 "-" "PostmanRuntime/7.51.1"
::1 - - [09/Feb/2026:07:27:58 +0000] "POST /api/auth/sign-in/email HTTP/1.1" 200 - "-" "PostmanRuntime/7.51.1"
::1 - - [09/Feb/2026:07:28:04 +0000] "POST /api/v1/meals HTTP/1.1" 403 63 "-" "PostmanRuntime/7.51.1"
::1 - - [09/Feb/2026:07:28:23 +0000] "POST /api/auth/sign-in/email HTTP/1.1" 200 - "-" "PostmanRuntime/7.51.1"
::1 - - [09/Feb/2026:07:28:33 +0000] "POST /api/v1/meals HTTP/1.1" 200 355 "-" "PostmanRuntime/7.51.1"
::1 - - [09/Feb/2026:07:28:52 +0000] "GET /api/v1/meals HTTP/1.1" 200 357 "-" "PostmanRuntime/7.51.1"
::1 - - [09/Feb/2026:07:37:30 +0000] "POST /api/v1/meals HTTP/1.1" 200 355 "-" "PostmanRuntime/7.51.1"
::1 - - [09/Feb/2026:07:37:47 +0000] "GET /api/v1/meals HTTP/1.1" 200 784 "-" "PostmanRuntime/7.51.1"
